<?xml version="1.0" encoding="UTF-8"?>
<!-- Generated by org.testng.reporters.JUnitReportReporter -->
<testsuite hostname="SLT-LTP-850" failures="0" tests="1" name="REQUEST_13" time="0.431" errors="0" timestamp="2023-08-17T13:57:32 IST" skipped="0">
  <testcase classname="REQUEST_13" name="TEST_CASE_13_1" time="0.431"/>
  <system-out/>
</testsuite> <!-- REQUEST_13 -->
