<?xml version="1.0" encoding="UTF-8"?>
<!-- Generated by org.testng.reporters.JUnitReportReporter -->
<testsuite hostname="SLT-LTP-850" failures="0" tests="1" name="REQUEST_8" time="4.149" errors="0" timestamp="2023-08-10T20:17:03 IST" skipped="0">
  <testcase classname="REQUEST_8" name="TEST_CASE_8_1" time="4.149"/>
  <system-out/>
</testsuite> <!-- REQUEST_8 -->
