<?xml version="1.0" encoding="UTF-8"?>
<!-- Generated by org.testng.reporters.JUnitReportReporter -->
<testsuite hostname="SLT-LTP-850" failures="0" tests="1" name="REQUEST_5" time="1.679" errors="0" timestamp="2023-07-31T02:30:04 IST" skipped="0">
  <testcase classname="REQUEST_5" name="TEST_CASE_5" time="1.679"/>
  <system-out/>
</testsuite> <!-- REQUEST_5 -->
