<?xml version="1.0" encoding="UTF-8"?>
<!-- Generated by org.testng.reporters.JUnitReportReporter -->
<testsuite hostname="SLT-LTP-850" failures="0" tests="2" name="REQUEST_15" time="2.426" errors="0" timestamp="2023-08-18T18:25:44 IST" skipped="0">
  <testcase classname="REQUEST_15" name="TEST_CASE_15_2" time="0.510"/>
  <system-out/>
  <testcase classname="REQUEST_15" name="TEST_CASE_15_1" time="1.916"/>
  <system-out/>
</testsuite> <!-- REQUEST_15 -->
