<?xml version="1.0" encoding="UTF-8"?>
<!-- Generated by org.testng.reporters.JUnitReportReporter -->
<testsuite hostname="SLT-LTP-850" failures="0" tests="6" name="TEST_CASES.TC_Login_Logout" time="24.989" errors="0" timestamp="2023-09-15T18:50:47 IST" skipped="0">
  <testcase classname="TEST_CASES.TC_Login_Logout" name="Test_Case_001_Log_In_Administrator" time="7.281"/>
  <system-out/>
  <testcase classname="TEST_CASES.TC_Login_Logout" name="Test_Case_002_Log_Out_Administrator" time="5.694"/>
  <system-out/>
  <testcase classname="TEST_CASES.TC_Login_Logout" name="Test_Case_003_Log_In_Project_Manager" time="0.970"/>
  <system-out/>
  <testcase classname="TEST_CASES.TC_Login_Logout" name="Test_Case_004_Log_Out_Project_Manager" time="3.770"/>
  <system-out/>
  <testcase classname="TEST_CASES.TC_Login_Logout" name="Test_Case_005_Log_In_Client" time="1.102"/>
  <system-out/>
  <testcase classname="TEST_CASES.TC_Login_Logout" name="Test_Case_006_Log_Out_Client" time="6.172"/>
  <system-out/>
</testsuite> <!-- TEST_CASES.TC_Login_Logout -->
