<?xml version="1.0" encoding="UTF-8"?>
<!-- Generated by org.testng.reporters.JUnitReportReporter -->
<testsuite hostname="SLT-LTP-850" failures="0" tests="1" name="REQUEST_4" time="1.692" errors="0" timestamp="2023-07-31T02:24:32 IST" skipped="0">
  <testcase classname="REQUEST_4" name="TEST_CASE_4" time="1.692"/>
  <system-out/>
</testsuite> <!-- REQUEST_4 -->
