<?xml version="1.0" encoding="UTF-8"?>
<!-- Generated by org.testng.reporters.JUnitReportReporter -->
<testsuite hostname="SLT-LTP-850" failures="0" tests="1" name="REQUEST_9" time="2.700" errors="0" timestamp="2023-08-10T20:57:18 IST" skipped="0">
  <testcase classname="REQUEST_9" name="TEST_CASE_9_1" time="2.700"/>
  <system-out/>
</testsuite> <!-- REQUEST_9 -->
