<?xml version="1.0" encoding="UTF-8"?>
<!-- Generated by org.testng.reporters.JUnitReportReporter -->
<testsuite hostname="SLT-LTP-850" failures="0" tests="1" name="REQUEST_3" time="1.863" errors="0" timestamp="2023-07-31T02:07:39 IST" skipped="0">
  <testcase classname="REQUEST_3" name="TEST_CASE_3" time="1.863"/>
  <system-out/>
</testsuite> <!-- REQUEST_3 -->
