<?xml version="1.0" encoding="UTF-8"?>
<!-- Generated by org.testng.reporters.JUnitReportReporter -->
<testsuite hostname="SLT-LTP-850" failures="0" tests="6" name="TEST_CASES.TC_Login_Logout" time="15.691" errors="0" timestamp="2023-09-01T20:39:02 IST" skipped="0">
  <testcase classname="TEST_CASES.TC_Login_Logout" name="Test_Case_001_Log_In_User_1" time="2.263"/>
  <system-out/>
  <testcase classname="TEST_CASES.TC_Login_Logout" name="Test_Case_003_Log_In_User_2" time="1.143"/>
  <system-out/>
  <testcase classname="TEST_CASES.TC_Login_Logout" name="Test_Case_002_Log_Out_User_1" time="4.948"/>
  <system-out/>
  <testcase classname="TEST_CASES.TC_Login_Logout" name="Test_Case_006_Log_Out_User_3" time="2.853"/>
  <system-out/>
  <testcase classname="TEST_CASES.TC_Login_Logout" name="Test_Case_005_Log_In_User_3" time="1.074"/>
  <system-out/>
  <testcase classname="TEST_CASES.TC_Login_Logout" name="Test_Case_004_Log_Out_User_2" time="3.410"/>
  <system-out/>
</testsuite> <!-- TEST_CASES.TC_Login_Logout -->
