<?xml version="1.0" encoding="UTF-8"?>
<!-- Generated by org.testng.reporters.JUnitReportReporter -->
<testsuite hostname="SLT-LTP-850" failures="0" tests="2" name="REQUEST_10" time="4.260" errors="0" timestamp="2023-08-16T20:28:08 IST" skipped="0">
  <testcase classname="REQUEST_10" name="TEST_CASE_10_1" time="3.372"/>
  <system-out/>
  <testcase classname="REQUEST_10" name="TEST_CASE_10_2" time="0.888"/>
  <system-out/>
</testsuite> <!-- REQUEST_10 -->
