<?xml version="1.0" encoding="UTF-8"?>
<!-- Generated by org.testng.reporters.JUnitReportReporter -->
<testsuite hostname="SLT-LTP-850" failures="0" tests="1" name="TEST_CASES.TC_Login_Page" time="52.361" errors="0" timestamp="2023-08-29T20:16:14 IST" skipped="0">
  <testcase classname="TEST_CASES.TC_Login_Page" name="Test_Case_001_Login_User_1" time="52.361"/>
  <system-out/>
</testsuite> <!-- TEST_CASES.TC_Login_Page -->
