<?xml version="1.0" encoding="UTF-8"?>
<!-- Generated by org.testng.reporters.JUnitReportReporter -->
<testsuite hostname="SLT-LTP-850" failures="0" tests="1" name="REQUEST_11" time="2.059" errors="0" timestamp="2023-08-16T22:16:54 IST" skipped="0">
  <testcase classname="REQUEST_11" name="TEST_CASE_11_1" time="2.059"/>
  <system-out/>
</testsuite> <!-- REQUEST_11 -->
