<?xml version="1.0" encoding="UTF-8"?>
<!-- Generated by org.testng.reporters.JUnitReportReporter -->
<testsuite hostname="SLT-LTP-850" failures="0" tests="12" name="TEST_CASES.TC_Organizations" time="49.530" errors="0" timestamp="2023-09-15T18:50:47 IST" skipped="0">
  <testcase classname="TEST_CASES.TC_Organizations" name="Test_Case_007_Verify_Create_Organization_Text" time="6.925"/>
  <system-out/>
  <testcase classname="TEST_CASES.TC_Organizations" name="Test_Case_008_Verify_Home_Page_Title" time="0.021"/>
  <system-out/>
  <testcase classname="TEST_CASES.TC_Organizations" name="Test_Case_009_Verify_New_Organization_Page_Title" time="0.744"/>
  <system-out/>
  <testcase classname="TEST_CASES.TC_Organizations" name="Test_Case_010_Verify_Organization_Arnab_Stage" time="3.862"/>
  <system-out/>
  <testcase classname="TEST_CASES.TC_Organizations" name="Test_Case_011_Verify_Organization_Imerit_Engine_Serverless" time="0.589"/>
  <system-out/>
  <testcase classname="TEST_CASES.TC_Organizations" name="Test_Case_012_Verify_Organization_Imerit_Test_Org" time="0.458"/>
  <system-out/>
  <testcase classname="TEST_CASES.TC_Organizations" name="Test_Case_013_Verify_New_Organization_Page_Web_Elements_1" time="1.217"/>
  <system-out/>
  <testcase classname="TEST_CASES.TC_Organizations" name="Test_Case_014_Verify_New_Organization_Page_Web_Elements_2" time="0.047"/>
  <system-out/>
  <testcase classname="TEST_CASES.TC_Organizations" name="Test_Case_015_Verify_New_Organization_Page_Web_Elements_3" time="0.049"/>
  <system-out/>
  <testcase classname="TEST_CASES.TC_Organizations" name="Test_Case_016_Verify_New_Organization_Page_Web_Elements_4" time="0.047"/>
  <system-out/>
  <testcase classname="TEST_CASES.TC_Organizations" name="Test_Case_017_Verify_New_Organization_Create" time="24.296"/>
  <system-out/>
  <testcase classname="TEST_CASES.TC_Organizations" name="Test_Case_018_Verify_Sort_Organizations" time="11.275"/>
  <system-out/>
</testsuite> <!-- TEST_CASES.TC_Organizations -->
