<?xml version="1.0" encoding="UTF-8"?>
<!-- Generated by org.testng.reporters.JUnitReportReporter -->
<testsuite hostname="SLT-LTP-850" failures="0" tests="1" name="REQUEST_2" time="1.624" errors="0" timestamp="2023-07-31T00:37:38 IST" skipped="0">
  <testcase classname="REQUEST_2" name="TEST_CASE_1" time="1.624"/>
  <system-out/>
</testsuite> <!-- REQUEST_2 -->
