<?xml version="1.0" encoding="UTF-8"?>
<!-- Generated by org.testng.reporters.JUnitReportReporter -->
<testsuite hostname="SLT-LTP-850" failures="0" tests="52" name="TEST_CASES.TC_Projects" time="85.233" errors="0" timestamp="2023-09-15T18:50:47 IST" skipped="0">
  <testcase classname="TEST_CASES.TC_Projects" name="Test_Case_019_Verify_Project_Projects" time="14.125"/>
  <system-out/>
  <testcase classname="TEST_CASES.TC_Projects" name="Test_Case_020_Verify_Project_Members" time="0.039"/>
  <system-out/>
  <testcase classname="TEST_CASES.TC_Projects" name="Test_Case_021_Verify_Project_Analytics" time="0.061"/>
  <system-out/>
  <testcase classname="TEST_CASES.TC_Projects" name="Test_Case_022_Verify_Project_Projects_Title" time="0.048"/>
  <system-out/>
  <testcase classname="TEST_CASES.TC_Projects" name="Test_Case_023_Verify_Project_Draft" time="0.048"/>
  <system-out/>
  <testcase classname="TEST_CASES.TC_Projects" name="Test_Case_024_Verify_Project_In_Progress" time="0.046"/>
  <system-out/>
  <testcase classname="TEST_CASES.TC_Projects" name="Test_Case_025_Verify_Project_Completed" time="0.047"/>
  <system-out/>
  <testcase classname="TEST_CASES.TC_Projects" name="Test_Case_026_Verify_Project_Canceled" time="0.055"/>
  <system-out/>
  <testcase classname="TEST_CASES.TC_Projects" name="Test_Case_027_Verify_Project_Search" time="0.044"/>
  <system-out/>
  <testcase classname="TEST_CASES.TC_Projects" name="Test_Case_028_Verify_Create_Project_Button" time="0.053"/>
  <system-out/>
  <testcase classname="TEST_CASES.TC_Projects" name="Test_Case_029_Verify_Project_Sort_Dropdown" time="0.042"/>
  <system-out/>
  <testcase classname="TEST_CASES.TC_Projects" name="Test_Case_030_Verify_Project_Organization_Arnab_Stage" time="2.088"/>
  <system-out/>
  <testcase classname="TEST_CASES.TC_Projects" name="Test_Case_031_Verify_Project_Sort_Dropdown_Created_On" time="9.157"/>
  <system-out/>
  <testcase classname="TEST_CASES.TC_Projects" name="Test_Case_032_Verify_Project_Sort_Dropdown_Name" time="6.120"/>
  <system-out/>
  <testcase classname="TEST_CASES.TC_Projects" name="Test_Case_033_Verify_Project_Block_Before_Update_27" time="4.370"/>
  <system-out/>
  <testcase classname="TEST_CASES.TC_Projects" name="Test_Case_034_Verify_Project_Before_Update_27_Page_Title" time="0.008"/>
  <system-out/>
  <testcase classname="TEST_CASES.TC_Projects" name="Test_Case_035_Verify_Project_Details_Projects" time="0.026"/>
  <system-out/>
  <testcase classname="TEST_CASES.TC_Projects" name="Test_Case_036_Verify_Project_Details_Name_Before_Update_27" time="0.028"/>
  <system-out/>
  <testcase classname="TEST_CASES.TC_Projects" name="Test_Case_037_Verify_Project_Details_Status" time="0.021"/>
  <system-out/>
  <testcase classname="TEST_CASES.TC_Projects" name="Test_Case_038_Verify_Project_Details_Datasaur" time="0.026"/>
  <system-out/>
  <testcase classname="TEST_CASES.TC_Projects" name="Test_Case_039_Verify_Project_Details_Overview_Tab" time="0.024"/>
  <system-out/>
  <testcase classname="TEST_CASES.TC_Projects" name="Test_Case_040_Verify_Project_Details_Issues_Tab" time="0.020"/>
  <system-out/>
  <testcase classname="TEST_CASES.TC_Projects" name="Test_Case_041_Verify_Project_Details_Solutions_Tab" time="0.018"/>
  <system-out/>
  <testcase classname="TEST_CASES.TC_Projects" name="Test_Case_042_Verify_Project_Details_Team_Tab" time="0.018"/>
  <system-out/>
  <testcase classname="TEST_CASES.TC_Projects" name="Test_Case_043_Verify_Project_Details_Guidelines_Tab" time="0.023"/>
  <system-out/>
  <testcase classname="TEST_CASES.TC_Projects" name="Test_Case_044_Verify_Project_Details_Ontology_Tab" time="0.024"/>
  <system-out/>
  <testcase classname="TEST_CASES.TC_Projects" name="Test_Case_045_Verify_Project_Details_Settings_Tab" time="0.018"/>
  <system-out/>
  <testcase classname="TEST_CASES.TC_Projects" name="Test_Case_046_Verify_Project_Details_Overview_Message" time="0.020"/>
  <system-out/>
  <testcase classname="TEST_CASES.TC_Projects" name="Test_Case_047_Verify_Project_Details_Field_Updates" time="11.439"/>
  <system-out/>
  <testcase classname="TEST_CASES.TC_Projects" name="Test_Case_048_Verify_Project_Details_URL_Configuration_Link" time="0.018"/>
  <system-out/>
  <testcase classname="TEST_CASES.TC_Projects" name="Test_Case_049_Verify_Project_Details_Widget_Configuration_Link" time="0.025"/>
  <system-out/>
  <testcase classname="TEST_CASES.TC_Projects" name="Test_Case_050_Verify_Project_Details_Team_Tab_Title" time="3.063"/>
  <system-out/>
  <testcase classname="TEST_CASES.TC_Projects" name="Test_Case_051_Verify_Team_Tab_Pending_Invites" time="0.019"/>
  <system-out/>
  <testcase classname="TEST_CASES.TC_Projects" name="Test_Case_052_Verify_Team_Tab_Filters" time="0.015"/>
  <system-out/>
  <testcase classname="TEST_CASES.TC_Projects" name="Test_Case_053_Verify_Team_Tab_Add_Member" time="0.020"/>
  <system-out/>
  <testcase classname="TEST_CASES.TC_Projects" name="Test_Case_054_Verify_Team_Tab_Central_Message" time="0.045"/>
  <system-out/>
  <testcase classname="TEST_CASES.TC_Projects" name="Test_Case_055_Verify_Project_Details_Solutions_Tab_Title" time="3.051"/>
  <system-out/>
  <testcase classname="TEST_CASES.TC_Projects" name="Test_Case_056_Verify_Solutions_Tab_Central_Message" time="0.019"/>
  <system-out/>
  <testcase classname="TEST_CASES.TC_Projects" name="Test_Case_057_Verify_Project_Details_Issues_Tab_Title" time="3.053"/>
  <system-out/>
  <testcase classname="TEST_CASES.TC_Projects" name="Test_Case_058_Verify_Issues_Tab_Filters" time="0.020"/>
  <system-out/>
  <testcase classname="TEST_CASES.TC_Projects" name="Test_Case_059_Verify_Issues_Tab_Central_Message" time="0.019"/>
  <system-out/>
  <testcase classname="TEST_CASES.TC_Projects" name="Test_Case_060_Verify_New_Project_Projects" time="8.492"/>
  <system-out/>
  <testcase classname="TEST_CASES.TC_Projects" name="Test_Case_061_Verify_New_Project_Create" time="0.017"/>
  <system-out/>
  <testcase classname="TEST_CASES.TC_Projects" name="Test_Case_062_Verify_New_Project_New_Project" time="0.018"/>
  <system-out/>
  <testcase classname="TEST_CASES.TC_Projects" name="Test_Case_063_Verify_New_Project_Project_Details" time="0.020"/>
  <system-out/>
  <testcase classname="TEST_CASES.TC_Projects" name="Test_Case_064_Verify_New_Project_Name" time="0.022"/>
  <system-out/>
  <testcase classname="TEST_CASES.TC_Projects" name="Test_Case_065_Verify_New_Project_Description" time="0.016"/>
  <system-out/>
  <testcase classname="TEST_CASES.TC_Projects" name="Test_Case_066_Verify_New_Project_Cancel" time="0.015"/>
  <system-out/>
  <testcase classname="TEST_CASES.TC_Projects" name="Test_Case_067_Verify_New_Project_Save" time="0.015"/>
  <system-out/>
  <testcase classname="TEST_CASES.TC_Projects" name="Test_Case_068_Verify_Enter_New_Project_Name" time="5.240"/>
  <system-out/>
  <testcase classname="TEST_CASES.TC_Projects" name="Test_Case_069_All_Organization_Names" time="7.583"/>
  <system-out/>
  <testcase classname="TEST_CASES.TC_Projects" name="Test_Case_070_All_Project_Names_In_Progress_of_Organization_Arnab_Stage" time="6.372"/>
  <system-out/>
</testsuite> <!-- TEST_CASES.TC_Projects -->
