<?xml version="1.0" encoding="UTF-8"?>
<!-- Generated by org.testng.reporters.JUnitReportReporter -->
<testsuite hostname="SLT-LTP-850" failures="0" tests="1" name="REQUEST_7" time="1.628" errors="0" timestamp="2023-08-09T20:38:58 IST" skipped="0">
  <testcase classname="REQUEST_7" name="TEST_CASE_7_1" time="1.628"/>
  <system-out/>
</testsuite> <!-- REQUEST_7 -->
