<?xml version="1.0" encoding="UTF-8"?>
<!-- Generated by org.testng.reporters.JUnitReportReporter -->
<testsuite hostname="SLT-LTP-850" failures="0" tests="3" name="REQUEST_6" time="1.985" errors="0" timestamp="2023-08-09T19:23:15 IST" skipped="2">
  <testcase classname="REQUEST_6" name="TEST_CASE_6_3" time="1.985"/>
  <system-out/>
  <testcase classname="REQUEST_6" name="TEST_CASE_6_2">
    <skipped/>
  </testcase> <!-- TEST_CASE_6_2 -->
  <system-out/>
  <testcase classname="REQUEST_6" name="TEST_CASE_6_1">
    <skipped/>
  </testcase> <!-- TEST_CASE_6_1 -->
  <system-out/>
</testsuite> <!-- REQUEST_6 -->
