<?xml version="1.0" encoding="UTF-8"?>
<!-- Generated by org.testng.reporters.JUnitReportReporter -->
<testsuite hostname="SLT-LTP-850" failures="0" tests="1" name="REQUEST_1" time="2.457" errors="0" timestamp="2023-08-09T19:28:05 IST" skipped="0">
  <testcase classname="REQUEST_1" name="TEST_CASE_1_2" time="2.457"/>
  <system-out/>
</testsuite> <!-- REQUEST_1 -->
