<?xml version="1.0" encoding="UTF-8"?>
<!-- Generated by org.testng.reporters.JUnitReportReporter -->
<testsuite hostname="SLT-LTP-850" failures="0" tests="1" name="REQUEST_16" time="2.691" errors="0" timestamp="2023-08-19T16:12:02 IST" skipped="0">
  <testcase classname="REQUEST_16" name="TEST_CASE_16_1" time="2.691"/>
  <system-out/>
</testsuite> <!-- REQUEST_16 -->
